<?xml version="1.0" encoding="UTF-8"?>
<testsuite name="inkball.MouseEventTest" tests="2" skipped="0" failures="0" errors="0" timestamp="2024-10-23T10:25:46" hostname="linux-mint" time="0.014">
  <properties/>
  <testcase name="testMouseReleasedRight()" classname="inkball.MouseEventTest" time="0.013"/>
  <testcase name="testMouseReleasedLeftwithCTRL()" classname="inkball.MouseEventTest" time="0.001"/>
  <system-out><![CDATA[]]></system-out>
  <system-err><![CDATA[]]></system-err>
</testsuite>
