<?xml version="1.0" encoding="UTF-8"?>
<testsuite name="inkball.BallCollisionTest" tests="4" skipped="0" failures="0" errors="0" timestamp="2024-10-24T03:38:47" hostname="linux-mint" time="0.376">
  <properties/>
  <testcase name="testCollisonHandlerBallWallCollision()" classname="inkball.BallCollisionTest" time="0.076"/>
  <testcase name="testBallUpdatePosition()" classname="inkball.BallCollisionTest" time="0.084"/>
  <testcase name="testChooseCloserNormal()" classname="inkball.BallCollisionTest" time="0.108"/>
  <testcase name="testBallandWallCollision()" classname="inkball.BallCollisionTest" time="0.106"/>
  <system-out><![CDATA[]]></system-out>
  <system-err><![CDATA[]]></system-err>
</testsuite>
