<?xml version="1.0" encoding="UTF-8"?>
<testsuite name="inkball.SampleTest" tests="1" skipped="0" failures="0" errors="0" timestamp="2024-10-23T10:25:46" hostname="linux-mint" time="1.229">
  <properties/>
  <testcase name="simpleTest()" classname="inkball.SampleTest" time="1.229"/>
  <system-out><![CDATA[]]></system-out>
  <system-err><![CDATA[java.lang.IndexOutOfBoundsException: Index: 3, Size: 3
	at java.util.ArrayList.rangeCheck(ArrayList.java:659)
	at java.util.ArrayList.get(ArrayList.java:435)
	at inkball.BallQueue.displayNextBalls(BallQueue.java:59)
	at inkball.App.draw(App.java:390)
	at processing.core.PApplet.handleDraw(PApplet.java:2426)
	at processing.awt.PSurfaceAWT$12.callDraw(PSurfaceAWT.java:1557)
	at processing.core.PSurfaceNone$AnimationThread.run(PSurfaceNone.java:316)
]]></system-err>
</testsuite>
